<?xml version="1.0" encoding="UTF-8" ?>
<testsuite errors="1" failures="0" hostname="Test03-PC" name="com.glen.he.SimpleCalculationTest" skipped="0" tests="1" time="0.192" timestamp="2018-08-18T06:57:16">
  <properties>
    <property name="java.vendor" value="Oracle Corporation" />
    <property name="ant.file.type.AntDemo" value="file" />
    <property name="sun.java.launcher" value="SUN_STANDARD" />
    <property name="sun.management.compiler" value="HotSpot 64-Bit Tiered Compilers" />
    <property name="os.name" value="Windows 7" />
    <property name="sun.boot.class.path" value="C:\Java\jre1.8.0_77\lib\resources.jar;C:\Java\jre1.8.0_77\lib\rt.jar;C:\Java\jre1.8.0_77\lib\sunrsasign.jar;C:\Java\jre1.8.0_77\lib\jsse.jar;C:\Java\jre1.8.0_77\lib\jce.jar;C:\Java\jre1.8.0_77\lib\charsets.jar;C:\Java\jre1.8.0_77\lib\jfr.jar;C:\Java\jre1.8.0_77\classes" />
    <property name="sun.desktop" value="windows" />
    <property name="java.vm.specification.vendor" value="Oracle Corporation" />
    <property name="ant.home" value="D:\eclipse-java-mars-2-win32-x86_64\eclipse\plugins\org.apache.ant_1.9.6.v201510161327" />
    <property name="java.runtime.version" value="1.8.0_77-b03" />
    <property name="user.name" value="Test03" />
    <property name="user.language" value="zh" />
    <property name="dist.path" value="dist" />
    <property name="sun.boot.library.path" value="C:\Java\jre1.8.0_77\bin" />
    <property name="ant.project.default-target" value="junit" />
    <property name="ant.project.name" value="AntDemo" />
    <property name="java.version" value="1.8.0_77" />
    <property name="user.timezone" value="" />
    <property name="sun.arch.data.model" value="64" />
    <property name="java.endorsed.dirs" value="C:\Java\jre1.8.0_77\lib\endorsed" />
    <property name="sun.cpu.isalist" value="amd64" />
    <property name="sun.jnu.encoding" value="GBK" />
    <property name="file.encoding.pkg" value="sun.io" />
    <property name="file.separator" value="\" />
    <property name="java.specification.name" value="Java Platform API Specification" />
    <property name="ant.file.AntDemo" value="E:\workspace\antDome\build.xml" />
    <property name="report.path" value="report" />
    <property name="java.class.version" value="52.0" />
    <property name="user.country" value="CN" />
    <property name="java.home" value="C:\Java\jre1.8.0_77" />
    <property name="java.vm.info" value="mixed mode" />
    <property name="ant.file" value="E:\workspace\antDome\build.xml" />
    <property name="os.version" value="6.1" />
    <property name="path.separator" value=";" />
    <property name="java.vm.version" value="25.77-b03" />
    <property name="user.variant" value="" />
    <property name="ant.library.dir" value="D:\eclipse-java-mars-2-win32-x86_64\eclipse\plugins\org.apache.ant_1.9.6.v201510161327\lib" />
    <property name="java.awt.printerjob" value="sun.awt.windows.WPrinterJob" />
    <property name="sun.io.unicode.encoding" value="UnicodeLittle" />
    <property name="awt.toolkit" value="sun.awt.windows.WToolkit" />
    <property name="user.script" value="" />
    <property name="user.home" value="C:\Users\linzq-work" />
    <property name="java.specification.vendor" value="Oracle Corporation" />
    <property name="java.library.path" value="C:\Java\jre1.8.0_77\bin;C:\Windows\Sun\Java\bin;C:\Windows\system32;C:\Windows;C:/Java/jdk1.8.0_77/bin/../jre/bin/server;C:/Java/jdk1.8.0_77/bin/../jre/bin;C:/Java/jdk1.8.0_77/bin/../jre/lib/amd64;D:\test\apache-ant-1.9.13\bin;C:\Java\jdk1.8.0_77\bin;C:\ProgramData\Oracle\Java\javapath;D:\ADB;C:\Windows\system32;C:\Windows;C:\Windows\System32\Wbem;C:\Windows\System32\WindowsPowerShell\v1.0\;C:\Program Files (x86)\AMD\ATI.ACE\Core-Static;D:\Program Files\TortoiseSVN\bin;C:\Program Files (x86)\Windows Kits\8.1\Windows Performance Toolkit\;C:\Program Files\Microsoft SQL Server\110\Tools\Binn\;D:\test\android-sdk-windows\platform-tools;D:\test\android-sdk-windows\tools;C:\Java\jdk1.8.0_77\jre\bin;C:\Program Files (x86)\Appium\node_modules\bin;C:\strawberry\c\bin;C:\strawberry\perl\bin;C:\Java\jdk1.8.0_77\bin;D:\test\apache-ant-1.9.13\bin;D:\test\nodejs\;D:\test\Git\cmd;D:\Fiddler;C:\Users\linzq-work\AppData\Roaming\npm;D:\eclipse-java-mars-2-win32-x86_64\eclipse;;." />
    <property name="java.vendor.url" value="http://java.oracle.com/" />
    <property name="java.vm.vendor" value="Oracle Corporation" />
    <property name="java.runtime.name" value="Java(TM) SE Runtime Environment" />
    <property name="sun.java.command" value="org.apache.tools.ant.taskdefs.optional.junit.JUnitTestRunner com.glen.he.SimpleCalculationTest skipNonTests=false filtertrace=true haltOnError=false haltOnFailure=false formatter=org.apache.tools.ant.taskdefs.optional.junit.SummaryJUnitResultFormatter showoutput=false outputtoformatters=true logfailedtests=true threadid=0 logtestlistenerevents=false formatter=org.apache.tools.ant.taskdefs.optional.junit.XMLJUnitResultFormatter,E:\workspace\antDome\report\TEST-com.glen.he.SimpleCalculationTest.xml crashfile=E:\workspace\antDome\junitvmwatcher3873305854550293644.properties propsfile=E:\workspace\antDome\junit221968438169789189.properties" />
    <property name="java.class.path" value="E:\workspace\antDome\lib\junit-4.12.jar;E:\workspace\antDome\build;D:\eclipse-java-mars-2-win32-x86_64\eclipse\plugins\org.apache.ant_1.9.6.v201510161327\lib\ant-launcher.jar;D:\eclipse-java-mars-2-win32-x86_64\eclipse\plugins\org.apache.ant_1.9.6.v201510161327\lib\ant.jar;D:\eclipse-java-mars-2-win32-x86_64\eclipse\plugins\org.apache.ant_1.9.6.v201510161327\lib\ant-junit.jar;D:\eclipse-java-mars-2-win32-x86_64\eclipse\plugins\org.apache.ant_1.9.6.v201510161327\lib\ant-junit4.jar" />
    <property name="src.path" value="src" />
    <property name="ant.version" value="Apache Ant(TM) version 1.9.6 compiled on June 29 2015" />
    <property name="java.vm.specification.name" value="Java Virtual Machine Specification" />
    <property name="java.vm.specification.version" value="1.8" />
    <property name="sun.cpu.endian" value="little" />
    <property name="sun.os.patch.level" value="Service Pack 1" />
    <property name="java.io.tmpdir" value="C:\Users\LINZQ-~1\AppData\Local\Temp\" />
    <property name="java.vendor.url.bug" value="http://bugreport.sun.com/bugreport/" />
    <property name="lib.path" value="lib" />
    <property name="os.arch" value="amd64" />
    <property name="java.awt.graphicsenv" value="sun.awt.Win32GraphicsEnvironment" />
    <property name="java.ext.dirs" value="C:\Java\jre1.8.0_77\lib\ext;C:\Windows\Sun\Java\lib\ext" />
    <property name="user.dir" value="E:\workspace\antDome" />
    <property name="line.separator" value="&#xd;&#xa;" />
    <property name="java.vm.name" value="Java HotSpot(TM) 64-Bit Server VM" />
    <property name="build.path" value="build" />
    <property name="basedir" value="E:\workspace\antDome" />
    <property name="ant.java.version" value="1.8" />
    <property name="ant.core.lib" value="D:\eclipse-java-mars-2-win32-x86_64\eclipse\plugins\org.apache.ant_1.9.6.v201510161327\lib\ant.jar" />
    <property name="test.path" value="test" />
    <property name="file.encoding" value="GBK" />
    <property name="java.specification.version" value="1.8" />
    <property name="ant.project.invoked-targets" value="junit" />
  </properties>
  <testcase classname="com.glen.he.SimpleCalculationTest" name="initializationError" time="0.012">
    <error message="org/hamcrest/SelfDescribing" type="java.lang.NoClassDefFoundError">java.lang.NoClassDefFoundError: org/hamcrest/SelfDescribing
	at java.lang.ClassLoader.defineClass1(Native Method)
	at java.lang.ClassLoader.defineClass(Unknown Source)
	at java.security.SecureClassLoader.defineClass(Unknown Source)
	at java.net.URLClassLoader.defineClass(Unknown Source)
	at java.net.URLClassLoader.access$100(Unknown Source)
	at java.net.URLClassLoader$1.run(Unknown Source)
	at java.net.URLClassLoader$1.run(Unknown Source)
	at java.security.AccessController.doPrivileged(Native Method)
	at java.net.URLClassLoader.findClass(Unknown Source)
	at java.lang.ClassLoader.loadClass(Unknown Source)
	at sun.misc.Launcher$AppClassLoader.loadClass(Unknown Source)
	at java.lang.ClassLoader.loadClass(Unknown Source)
	at java.lang.reflect.Constructor.newInstance(Unknown Source)
Caused by: java.lang.ClassNotFoundException: org.hamcrest.SelfDescribing
	at java.net.URLClassLoader.findClass(Unknown Source)
	at java.lang.ClassLoader.loadClass(Unknown Source)
	at sun.misc.Launcher$AppClassLoader.loadClass(Unknown Source)
	at java.lang.ClassLoader.loadClass(Unknown Source)
</error>
  </testcase>
  <system-out><![CDATA[]]></system-out>
  <system-err><![CDATA[]]></system-err>
</testsuite>
